In file included from /home/chris/sdk3/usr/include/c++/4.2.1/iosfwd:49,
                 from /home/chris/sdk3/usr/include/c++/4.2.1/ios:43,
                 from /home/chris/sdk3/usr/include/c++/4.2.1/ostream:45,
                 from /home/chris/sdk3/usr/include/c++/4.2.1/iostream:45,
                 from tif_stream.cxx:31:
/home/chris/sdk3/usr/include/c++/4.2.1/bits/postypes.h:78: error: 'ptrdiff_t' does not name a type
In file included from /home/chris/sdk3/usr/include/c++/4.2.1/bits/stl_algobase.h:74,
                 from /home/chris/sdk3/usr/include/c++/4.2.1/bits/char_traits.h:46,
                 from /home/chris/sdk3/usr/include/c++/4.2.1/ios:45,
                 from /home/chris/sdk3/usr/include/c++/4.2.1/ostream:45,
                 from /home/chris/sdk3/usr/include/c++/4.2.1/iostream:45,
                 from tif_stream.cxx:31:
/home/chris/sdk3/usr/include/c++/4.2.1/bits/stl_iterator_base_types.h:104: error: expected type-specifier before 'ptrdiff_t'
/home/chris/sdk3/usr/include/c++/4.2.1/bits/stl_iterator_base_types.h:104: error: expected '>' before 'ptrdiff_t'
/home/chris/sdk3/usr/include/c++/4.2.1/bits/stl_iterator_base_types.h:115: error: '_Pointer' does not name a type
/home/chris/sdk3/usr/include/c++/4.2.1/bits/stl_iterator_base_types.h:117: error: '_Reference' does not name a type
/home/chris/sdk3/usr/include/c++/4.2.1/bits/stl_iterator_base_types.h:141: error: 'ptrdiff_t' does not name a type
/home/chris/sdk3/usr/include/c++/4.2.1/bits/stl_iterator_base_types.h:151: error: 'ptrdiff_t' does not name a type
In file included from /home/chris/sdk3/usr/include/c++/4.2.1/bits/stl_algobase.h:76,
                 from /home/chris/sdk3/usr/include/c++/4.2.1/bits/char_traits.h:46,
                 from /home/chris/sdk3/usr/include/c++/4.2.1/ios:45,
                 from /home/chris/sdk3/usr/include/c++/4.2.1/ostream:45,
                 from /home/chris/sdk3/usr/include/c++/4.2.1/iostream:45,
                 from tif_stream.cxx:31:
/home/chris/sdk3/usr/include/c++/4.2.1/bits/stl_iterator.h:99: error: wrong number of template arguments (5, should be 3)
/home/chris/sdk3/usr/include/c++/4.2.1/bits/stl_iterator_base_types.h:106: error: provided for 'template<class _Category, class _Tp, class _Distance> struct std::iterator'
/home/chris/sdk3/usr/include/c++/4.2.1/bits/stl_iterator.h:386: error: wrong number of template arguments (5, should be 3)
/home/chris/sdk3/usr/include/c++/4.2.1/bits/stl_iterator_base_types.h:106: error: provided for 'template<class _Category, class _Tp, class _Distance> struct std::iterator'
/home/chris/sdk3/usr/include/c++/4.2.1/bits/stl_iterator.h:461: error: wrong number of template arguments (5, should be 3)
/home/chris/sdk3/usr/include/c++/4.2.1/bits/stl_iterator_base_types.h:106: error: provided for 'template<class _Category, class _Tp, class _Distance> struct std::iterator'
/home/chris/sdk3/usr/include/c++/4.2.1/bits/stl_iterator.h:539: error: wrong number of template arguments (5, should be 3)
/home/chris/sdk3/usr/include/c++/4.2.1/bits/stl_iterator_base_types.h:106: error: provided for 'template<class _Category, class _Tp, class _Distance> struct std::iterator'
In file included from /home/chris/sdk3/usr/include/c++/4.2.1/bits/char_traits.h:46,
                 from /home/chris/sdk3/usr/include/c++/4.2.1/ios:45,
                 from /home/chris/sdk3/usr/include/c++/4.2.1/ostream:45,
                 from /home/chris/sdk3/usr/include/c++/4.2.1/iostream:45,
                 from tif_stream.cxx:31:
/home/chris/sdk3/usr/include/c++/4.2.1/bits/stl_algobase.h: In static member function 'static _Tp* std::__copy_backward<true, std::random_access_iterator_tag>::__copy_b(const _Tp*, const _Tp*, _Tp*)':
/home/chris/sdk3/usr/include/c++/4.2.1/bits/stl_algobase.h:445: error: 'ptrdiff_t' does not name a type
/home/chris/sdk3/usr/include/c++/4.2.1/bits/stl_algobase.h:446: error: '_Num' was not declared in this scope
In file included from /home/chris/sdk3/usr/include/c++/4.2.1/armv6-apple-darwin10/bits/c++allocator.h:39,
                 from /home/chris/sdk3/usr/include/c++/4.2.1/bits/allocator.h:53,
                 from /home/chris/sdk3/usr/include/c++/4.2.1/memory:54,
                 from /home/chris/sdk3/usr/include/c++/4.2.1/string:48,
                 from /home/chris/sdk3/usr/include/c++/4.2.1/bits/locale_classes.h:47,
                 from /home/chris/sdk3/usr/include/c++/4.2.1/bits/ios_base.h:47,
                 from /home/chris/sdk3/usr/include/c++/4.2.1/ios:48,
                 from /home/chris/sdk3/usr/include/c++/4.2.1/ostream:45,
                 from /home/chris/sdk3/usr/include/c++/4.2.1/iostream:45,
                 from tif_stream.cxx:31:
/home/chris/sdk3/usr/include/c++/4.2.1/ext/new_allocator.h: At global scope:
/home/chris/sdk3/usr/include/c++/4.2.1/ext/new_allocator.h:43: error: 'std::ptrdiff_t' has not been declared
/home/chris/sdk3/usr/include/c++/4.2.1/ext/new_allocator.h:57: error: 'ptrdiff_t' does not name a type
In file included from /home/chris/sdk3/usr/include/c++/4.2.1/memory:54,
                 from /home/chris/sdk3/usr/include/c++/4.2.1/string:48,
                 from /home/chris/sdk3/usr/include/c++/4.2.1/bits/locale_classes.h:47,
                 from /home/chris/sdk3/usr/include/c++/4.2.1/bits/ios_base.h:47,
                 from /home/chris/sdk3/usr/include/c++/4.2.1/ios:48,
                 from /home/chris/sdk3/usr/include/c++/4.2.1/ostream:45,
                 from /home/chris/sdk3/usr/include/c++/4.2.1/iostream:45,
                 from tif_stream.cxx:31:
/home/chris/sdk3/usr/include/c++/4.2.1/bits/allocator.h:68: error: 'ptrdiff_t' does not name a type
/home/chris/sdk3/usr/include/c++/4.2.1/bits/allocator.h:89: error: 'ptrdiff_t' does not name a type
In file included from /home/chris/sdk3/usr/include/c++/4.2.1/memory:58,
                 from /home/chris/sdk3/usr/include/c++/4.2.1/string:48,
                 from /home/chris/sdk3/usr/include/c++/4.2.1/bits/locale_classes.h:47,
                 from /home/chris/sdk3/usr/include/c++/4.2.1/bits/ios_base.h:47,
                 from /home/chris/sdk3/usr/include/c++/4.2.1/ios:48,
                 from /home/chris/sdk3/usr/include/c++/4.2.1/ostream:45,
                 from /home/chris/sdk3/usr/include/c++/4.2.1/iostream:45,
                 from tif_stream.cxx:31:
/home/chris/sdk3/usr/include/c++/4.2.1/bits/stl_raw_storage_iter.h:72: error: wrong number of template arguments (5, should be 3)
/home/chris/sdk3/usr/include/c++/4.2.1/bits/stl_iterator_base_types.h:106: error: provided for 'template<class _Category, class _Tp, class _Distance> struct std::iterator'
In file included from /home/chris/sdk3/usr/include/c++/4.2.1/string:48,
                 from /home/chris/sdk3/usr/include/c++/4.2.1/bits/locale_classes.h:47,
                 from /home/chris/sdk3/usr/include/c++/4.2.1/bits/ios_base.h:47,
                 from /home/chris/sdk3/usr/include/c++/4.2.1/ios:48,
                 from /home/chris/sdk3/usr/include/c++/4.2.1/ostream:45,
                 from /home/chris/sdk3/usr/include/c++/4.2.1/iostream:45,
                 from tif_stream.cxx:31:
/home/chris/sdk3/usr/include/c++/4.2.1/memory:73: error: 'ptrdiff_t' was not declared in this scope
/home/chris/sdk3/usr/include/c++/4.2.1/memory:73: error: template argument 2 is invalid
/home/chris/sdk3/usr/include/c++/4.2.1/memory:74: error: invalid type in declaration before '(' token
/home/chris/sdk3/usr/include/c++/4.2.1/memory:74: error: template declaration of 'int std::__get_temporary_buffer'
/home/chris/sdk3/usr/include/c++/4.2.1/memory:74: error: 'ptrdiff_t' was not declared in this scope
/home/chris/sdk3/usr/include/c++/4.2.1/memory:74: error: expected primary-expression before '*' token
/home/chris/sdk3/usr/include/c++/4.2.1/memory:74: error: expected primary-expression before ')' token
/home/chris/sdk3/usr/include/c++/4.2.1/memory:109: error: 'ptrdiff_t' was not declared in this scope
/home/chris/sdk3/usr/include/c++/4.2.1/memory:109: error: template argument 2 is invalid
/home/chris/sdk3/usr/include/c++/4.2.1/memory:110: error: invalid type in declaration before '(' token
/home/chris/sdk3/usr/include/c++/4.2.1/memory:110: error: 'std::get_temporary_buffer' declared as an 'inline' variable
/home/chris/sdk3/usr/include/c++/4.2.1/memory:110: error: template declaration of 'int std::get_temporary_buffer'
/home/chris/sdk3/usr/include/c++/4.2.1/memory:110: error: 'ptrdiff_t' was not declared in this scope
In file included from /home/chris/sdk3/usr/include/c++/4.2.1/string:51,
                 from /home/chris/sdk3/usr/include/c++/4.2.1/bits/locale_classes.h:47,
                 from /home/chris/sdk3/usr/include/c++/4.2.1/bits/ios_base.h:47,
                 from /home/chris/sdk3/usr/include/c++/4.2.1/ios:48,
                 from /home/chris/sdk3/usr/include/c++/4.2.1/ostream:45,
                 from /home/chris/sdk3/usr/include/c++/4.2.1/iostream:45,
                 from tif_stream.cxx:31:
/home/chris/sdk3/usr/include/c++/4.2.1/bits/ostream_insert.h:47: error: 'streamsize' has not been declared
/home/chris/sdk3/usr/include/c++/4.2.1/bits/ostream_insert.h: In function 'void std::__ostream_write(std::basic_ostream<_CharT, _Traits>&, const _CharT*, int)':
/home/chris/sdk3/usr/include/c++/4.2.1/bits/ostream_insert.h:52: error: 'streamsize' does not name a type
/home/chris/sdk3/usr/include/c++/4.2.1/bits/ostream_insert.h:53: error: '__put' was not declared in this scope
/home/chris/sdk3/usr/include/c++/4.2.1/bits/ostream_insert.h: At global scope:
/home/chris/sdk3/usr/include/c++/4.2.1/bits/ostream_insert.h:59: error: 'streamsize' has not been declared
/home/chris/sdk3/usr/include/c++/4.2.1/bits/ostream_insert.h:79: error: 'streamsize' has not been declared
/home/chris/sdk3/usr/include/c++/4.2.1/bits/ostream_insert.h: In function 'std::basic_ostream<_CharT, _Traits>& std::__ostream_insert(std::basic_ostream<_CharT, _Traits>&, const _CharT*, int)':
/home/chris/sdk3/usr/include/c++/4.2.1/bits/ostream_insert.h:89: error: 'streamsize' does not name a type
/home/chris/sdk3/usr/include/c++/4.2.1/bits/ostream_insert.h:90: error: '__w' was not declared in this scope
/home/chris/sdk3/usr/include/c++/4.2.1/bits/ostream_insert.h: At global scope:
/home/chris/sdk3/usr/include/c++/4.2.1/bits/ostream_insert.h:116: error: 'streamsize' has not been declared
/home/chris/sdk3/usr/include/c++/4.2.1/bits/ostream_insert.h:120: error: 'streamsize' has not been declared
In file included from /home/chris/sdk3/usr/include/c++/4.2.1/bits/stl_algo.h:66,
                 from /home/chris/sdk3/usr/include/c++/4.2.1/algorithm:68,
                 from /home/chris/sdk3/usr/include/c++/4.2.1/string:57,
                 from /home/chris/sdk3/usr/include/c++/4.2.1/bits/locale_classes.h:47,
                 from /home/chris/sdk3/usr/include/c++/4.2.1/bits/ios_base.h:47,
                 from /home/chris/sdk3/usr/include/c++/4.2.1/ios:48,
                 from /home/chris/sdk3/usr/include/c++/4.2.1/ostream:45,
                 from /home/chris/sdk3/usr/include/c++/4.2.1/iostream:45,
                 from tif_stream.cxx:31:
/home/chris/sdk3/usr/include/c++/4.2.1/bits/stl_tempbuf.h:86: error: 'ptrdiff_t' does not name a type
/home/chris/sdk3/usr/include/c++/4.2.1/bits/stl_tempbuf.h:89: error: 'size_type' does not name a type
/home/chris/sdk3/usr/include/c++/4.2.1/bits/stl_tempbuf.h:90: error: 'size_type' does not name a type
/home/chris/sdk3/usr/include/c++/4.2.1/bits/stl_tempbuf.h:102: error: 'size_type' does not name a type
/home/chris/sdk3/usr/include/c++/4.2.1/bits/stl_tempbuf.h:107: error: 'size_type' does not name a type
/home/chris/sdk3/usr/include/c++/4.2.1/bits/stl_tempbuf.h: In member function 'void std::_Temporary_buffer<_ForwardIterator, _Tp>::_M_initialize_buffer(const _Tp&, std::__false_type)':
/home/chris/sdk3/usr/include/c++/4.2.1/bits/stl_tempbuf.h:98: error: '_M_len' was not declared in this scope
/home/chris/sdk3/usr/include/c++/4.2.1/bits/stl_tempbuf.h: In member function '_Tp* std::_Temporary_buffer<_ForwardIterator, _Tp>::end()':
/home/chris/sdk3/usr/include/c++/4.2.1/bits/stl_tempbuf.h:119: error: '_M_len' was not declared in this scope
/home/chris/sdk3/usr/include/c++/4.2.1/bits/stl_tempbuf.h: In destructor 'std::_Temporary_buffer<_ForwardIterator, _Tp>::~_Temporary_buffer()':
/home/chris/sdk3/usr/include/c++/4.2.1/bits/stl_tempbuf.h:129: error: '_M_len' was not declared in this scope
/home/chris/sdk3/usr/include/c++/4.2.1/bits/stl_tempbuf.h: In constructor 'std::_Temporary_buffer<_ForwardIterator, _Tp>::_Temporary_buffer(_ForwardIterator, _ForwardIterator)':
/home/chris/sdk3/usr/include/c++/4.2.1/bits/stl_tempbuf.h:145: error: class 'std::_Temporary_buffer<_ForwardIterator, _Tp>' does not have any field named '_M_original_len'
/home/chris/sdk3/usr/include/c++/4.2.1/bits/stl_tempbuf.h:146: error: class 'std::_Temporary_buffer<_ForwardIterator, _Tp>' does not have any field named '_M_len'
/home/chris/sdk3/usr/include/c++/4.2.1/bits/stl_tempbuf.h:153: error: 'size_type' was not declared in this scope
/home/chris/sdk3/usr/include/c++/4.2.1/bits/stl_tempbuf.h:153: error: template argument 2 is invalid
/home/chris/sdk3/usr/include/c++/4.2.1/bits/stl_tempbuf.h:153: error: invalid type in declaration before '(' token
/home/chris/sdk3/usr/include/c++/4.2.1/bits/stl_tempbuf.h:153: error: 'get_temporary_buffer' was not declared in this scope
/home/chris/sdk3/usr/include/c++/4.2.1/bits/stl_tempbuf.h:154: error: expected primary-expression before '>' token
/home/chris/sdk3/usr/include/c++/4.2.1/bits/stl_tempbuf.h:154: error: '_M_original_len' was not declared in this scope
/home/chris/sdk3/usr/include/c++/4.2.1/bits/stl_tempbuf.h:155: error: request for member 'first' in '__p', which is of non-class type 'int'
/home/chris/sdk3/usr/include/c++/4.2.1/bits/stl_tempbuf.h:156: error: '_M_len' was not declared in this scope
/home/chris/sdk3/usr/include/c++/4.2.1/bits/stl_tempbuf.h:156: error: request for member 'second' in '__p', which is of non-class type 'int'
/home/chris/sdk3/usr/include/c++/4.2.1/bits/stl_tempbuf.h:164: error: '_M_len' was not declared in this scope
In file included from /home/chris/sdk3/usr/include/c++/4.2.1/string:58,
                 from /home/chris/sdk3/usr/include/c++/4.2.1/bits/locale_classes.h:47,
                 from /home/chris/sdk3/usr/include/c++/4.2.1/bits/ios_base.h:47,
                 from /home/chris/sdk3/usr/include/c++/4.2.1/ios:48,
                 from /home/chris/sdk3/usr/include/c++/4.2.1/ostream:45,
                 from /home/chris/sdk3/usr/include/c++/4.2.1/iostream:45,
                 from tif_stream.cxx:31:
/home/chris/sdk3/usr/include/c++/4.2.1/bits/basic_string.h: At global scope:
/home/chris/sdk3/usr/include/c++/4.2.1/bits/basic_string.h: In instantiation of 'std::basic_string<char, std::char_traits<char>, std::allocator<char> >':
/home/chris/sdk3/usr/include/c++/4.2.1/bits/basic_string.tcc:979:   instantiated from here
/home/chris/sdk3/usr/include/c++/4.2.1/bits/basic_string.h:121: error: no type named 'difference_type' in 'struct std::allocator<char>'
/home/chris/sdk3/usr/include/c++/4.2.1/bits/basic_string.h: In instantiation of 'std::basic_string<wchar_t, std::char_traits<wchar_t>, std::allocator<wchar_t> >':
/home/chris/sdk3/usr/include/c++/4.2.1/bits/basic_string.tcc:994:   instantiated from here
/home/chris/sdk3/usr/include/c++/4.2.1/bits/basic_string.h:121: error: no type named 'difference_type' in 'struct std::allocator<wchar_t>'
In file included from /home/chris/sdk3/usr/include/c++/4.2.1/ios:48,
                 from /home/chris/sdk3/usr/include/c++/4.2.1/ostream:45,
                 from /home/chris/sdk3/usr/include/c++/4.2.1/iostream:45,
                 from tif_stream.cxx:31:
/home/chris/sdk3/usr/include/c++/4.2.1/bits/ios_base.h:457: error: 'streamsize' does not name a type
/home/chris/sdk3/usr/include/c++/4.2.1/bits/ios_base.h:458: error: 'streamsize' does not name a type
/home/chris/sdk3/usr/include/c++/4.2.1/bits/ios_base.h:617: error: 'streamsize' does not name a type
/home/chris/sdk3/usr/include/c++/4.2.1/bits/ios_base.h:625: error: 'streamsize' does not name a type
/home/chris/sdk3/usr/include/c++/4.2.1/bits/ios_base.h:639: error: 'streamsize' does not name a type
/home/chris/sdk3/usr/include/c++/4.2.1/bits/ios_base.h:647: error: 'streamsize' does not name a type
In file included from /home/chris/sdk3/usr/include/c++/4.2.1/ios:49,
                 from /home/chris/sdk3/usr/include/c++/4.2.1/ostream:45,
                 from /home/chris/sdk3/usr/include/c++/4.2.1/iostream:45,
                 from tif_stream.cxx:31:
/home/chris/sdk3/usr/include/c++/4.2.1/streambuf:60: error: expected constructor, destructor, or type conversion before '__copy_streambufs_eof'
/home/chris/sdk3/usr/include/c++/4.2.1/streambuf:155: error: 'streamsize' does not name a type
/home/chris/sdk3/usr/include/c++/4.2.1/streambuf:254: error: 'streamsize' has not been declared
/home/chris/sdk3/usr/include/c++/4.2.1/streambuf:280: error: 'streamsize' does not name a type
/home/chris/sdk3/usr/include/c++/4.2.1/streambuf:353: error: 'streamsize' does not name a type
/home/chris/sdk3/usr/include/c++/4.2.1/streambuf:445: error: 'streamsize' does not name a type
/home/chris/sdk3/usr/include/c++/4.2.1/streambuf:587: error: 'streamsize' has not been declared
/home/chris/sdk3/usr/include/c++/4.2.1/streambuf:644: error: 'streamsize' does not name a type
/home/chris/sdk3/usr/include/c++/4.2.1/streambuf:660: error: 'streamsize' does not name a type
/home/chris/sdk3/usr/include/c++/4.2.1/streambuf:737: error: 'streamsize' does not name a type
/home/chris/sdk3/usr/include/c++/4.2.1/streambuf:808: error: expected constructor, destructor, or type conversion before '__copy_streambufs_eof'
/home/chris/sdk3/usr/include/c++/4.2.1/streambuf:813: error: expected constructor, destructor, or type conversion before '__copy_streambufs_eof'
In file included from /home/chris/sdk3/usr/include/c++/4.2.1/streambuf:820,
                 from /home/chris/sdk3/usr/include/c++/4.2.1/ios:49,
                 from /home/chris/sdk3/usr/include/c++/4.2.1/ostream:45,
                 from /home/chris/sdk3/usr/include/c++/4.2.1/iostream:45,
                 from tif_stream.cxx:31:
/home/chris/sdk3/usr/include/c++/4.2.1/bits/streambuf.tcc:49: error: expected constructor, destructor, or type conversion before 'basic_streambuf'
/home/chris/sdk3/usr/include/c++/4.2.1/bits/streambuf.tcc:83: error: expected constructor, destructor, or type conversion before 'basic_streambuf'
/home/chris/sdk3/usr/include/c++/4.2.1/bits/streambuf.tcc:120: error: expected constructor, destructor, or type conversion before '__copy_streambufs_eof'
/home/chris/sdk3/usr/include/c++/4.2.1/bits/streambuf.tcc:143: error: expected initializer before '__copy_streambufs'
/home/chris/sdk3/usr/include/c++/4.2.1/bits/streambuf.tcc:156: error: explicit instantiation of non-template 'int std::streamsize'
/home/chris/sdk3/usr/include/c++/4.2.1/bits/streambuf.tcc:157: error: expected `;' before '__copy_streambufs'
/home/chris/sdk3/usr/include/c++/4.2.1/bits/streambuf.tcc:160: error: explicit instantiation of non-template 'int std::streamsize'
/home/chris/sdk3/usr/include/c++/4.2.1/bits/streambuf.tcc:161: error: expected `;' before '__copy_streambufs_eof'
/home/chris/sdk3/usr/include/c++/4.2.1/bits/streambuf.tcc:167: error: explicit instantiation of non-template 'int std::streamsize'
/home/chris/sdk3/usr/include/c++/4.2.1/bits/streambuf.tcc:168: error: expected `;' before '__copy_streambufs'
/home/chris/sdk3/usr/include/c++/4.2.1/bits/streambuf.tcc:171: error: explicit instantiation of non-template 'int std::streamsize'
/home/chris/sdk3/usr/include/c++/4.2.1/bits/streambuf.tcc:172: error: expected `;' before '__copy_streambufs_eof'
In file included from /home/chris/sdk3/usr/include/c++/4.2.1/bits/basic_ios.h:41,
                 from /home/chris/sdk3/usr/include/c++/4.2.1/ios:50,
                 from /home/chris/sdk3/usr/include/c++/4.2.1/ostream:45,
                 from /home/chris/sdk3/usr/include/c++/4.2.1/iostream:45,
                 from tif_stream.cxx:31:
/home/chris/sdk3/usr/include/c++/4.2.1/bits/streambuf_iterator.h:51: error: wrong number of template arguments (5, should be 3)
/home/chris/sdk3/usr/include/c++/4.2.1/bits/stl_iterator_base_types.h:106: error: provided for 'template<class _Category, class _Tp, class _Distance> struct std::iterator'
/home/chris/sdk3/usr/include/c++/4.2.1/bits/streambuf_iterator.h:208: error: wrong number of template arguments (5, should be 3)
/home/chris/sdk3/usr/include/c++/4.2.1/bits/stl_iterator_base_types.h:106: error: provided for 'template<class _Category, class _Tp, class _Distance> struct std::iterator'
/home/chris/sdk3/usr/include/c++/4.2.1/bits/streambuf_iterator.h:270: error: 'streamsize' has not been declared
/home/chris/sdk3/usr/include/c++/4.2.1/bits/streambuf_iterator.h: In function 'typename __gnu_cxx::__enable_if<std::__is_char<_Tp>::__value, std::ostreambuf_iterator<_CharT, std::char_traits<_CharT> > >::__type std::__copy_aux(_CharT*, _CharT*, std::ostreambuf_iterator<_CharT, std::char_traits<_CharT> >)':
/home/chris/sdk3/usr/include/c++/4.2.1/bits/streambuf_iterator.h:304: error: 'streamsize' does not name a type
/home/chris/sdk3/usr/include/c++/4.2.1/bits/streambuf_iterator.h:305: error: '__num' was not declared in this scope
/home/chris/sdk3/usr/include/c++/4.2.1/bits/streambuf_iterator.h: In function 'typename __gnu_cxx::__enable_if<std::__is_char<_Tp>::__value, std::ostreambuf_iterator<_CharT, std::char_traits<_CharT> > >::__type std::__copy_aux(const _CharT*, const _CharT*, std::ostreambuf_iterator<_CharT, std::char_traits<_CharT> >)':
/home/chris/sdk3/usr/include/c++/4.2.1/bits/streambuf_iterator.h:316: error: 'streamsize' does not name a type
/home/chris/sdk3/usr/include/c++/4.2.1/bits/streambuf_iterator.h:317: error: '__num' was not declared in this scope
/home/chris/sdk3/usr/include/c++/4.2.1/bits/streambuf_iterator.h: In function 'typename __gnu_cxx::__enable_if<std::__is_char<_Tp>::__value, _CharT*>::__type std::__copy_aux(std::istreambuf_iterator<_CharT, std::char_traits<_CharT> >, std::istreambuf_iterator<_CharT, std::char_traits<_CharT> >, _CharT*)':
/home/chris/sdk3/usr/include/c++/4.2.1/bits/streambuf_iterator.h:339: error: 'streamsize' does not name a type
/home/chris/sdk3/usr/include/c++/4.2.1/bits/streambuf_iterator.h:340: error: '__n' was not declared in this scope
/home/chris/sdk3/usr/include/c++/4.2.1/bits/streambuf_iterator.h: In function 'typename __gnu_cxx::__enable_if<std::__is_char<_Tp>::__value, std::istreambuf_iterator<_CharT, std::char_traits<_CharT> > >::__type std::find(std::istreambuf_iterator<_CharT, std::char_traits<_CharT> >, std::istreambuf_iterator<_CharT, std::char_traits<_CharT> >, const _CharT&)':
/home/chris/sdk3/usr/include/c++/4.2.1/bits/streambuf_iterator.h:376: error: 'streamsize' was not declared in this scope
/home/chris/sdk3/usr/include/c++/4.2.1/bits/streambuf_iterator.h:376: error: expected `;' before '__n'
/home/chris/sdk3/usr/include/c++/4.2.1/bits/streambuf_iterator.h:377: error: '__n' was not declared in this scope
In file included from /home/chris/sdk3/usr/include/c++/4.2.1/bits/basic_ios.h:44,
                 from /home/chris/sdk3/usr/include/c++/4.2.1/ios:50,
                 from /home/chris/sdk3/usr/include/c++/4.2.1/ostream:45,
                 from /home/chris/sdk3/usr/include/c++/4.2.1/iostream:45,
                 from tif_stream.cxx:31:
/home/chris/sdk3/usr/include/c++/4.2.1/bits/locale_facets.h: At global scope:
/home/chris/sdk3/usr/include/c++/4.2.1/bits/locale_facets.h:93: error: expected ',' or '...' before '__newlen'
In file included from /home/chris/sdk3/usr/include/c++/4.2.1/bits/basic_ios.h:44,
                 from /home/chris/sdk3/usr/include/c++/4.2.1/ios:50,
                 from /home/chris/sdk3/usr/include/c++/4.2.1/ostream:45,
                 from /home/chris/sdk3/usr/include/c++/4.2.1/iostream:45,
                 from tif_stream.cxx:31:
/home/chris/sdk3/usr/include/c++/4.2.1/bits/locale_facets.h:2458: error: 'streamsize' has not been declared
In file included from /home/chris/sdk3/usr/include/c++/4.2.1/iostream:45,
                 from tif_stream.cxx:31:
/home/chris/sdk3/usr/include/c++/4.2.1/ostream:291: error: 'streamsize' has not been declared
/home/chris/sdk3/usr/include/c++/4.2.1/ostream:315: error: 'streamsize' has not been declared
/home/chris/sdk3/usr/include/c++/4.2.1/ostream: In member function 'void std::basic_ostream<_CharT, _Traits>::_M_write(const _CharT*, int)':
/home/chris/sdk3/usr/include/c++/4.2.1/ostream:293: error: 'streamsize' does not name a type
/home/chris/sdk3/usr/include/c++/4.2.1/ostream:294: error: '__put' was not declared in this scope
/home/chris/sdk3/usr/include/c++/4.2.1/ostream: In function 'std::basic_ostream<_CharT, _Traits>& std::operator<<(std::basic_ostream<_CharT, _Traits>&, const _CharT*)':
/home/chris/sdk3/usr/include/c++/4.2.1/ostream:501: error: expected type-specifier before 'streamsize'
/home/chris/sdk3/usr/include/c++/4.2.1/ostream:501: error: expected `>' before 'streamsize'
/home/chris/sdk3/usr/include/c++/4.2.1/ostream:501: error: expected `(' before 'streamsize'
/home/chris/sdk3/usr/include/c++/4.2.1/ostream:501: error: 'streamsize' was not declared in this scope
/home/chris/sdk3/usr/include/c++/4.2.1/ostream: In function 'std::basic_ostream<char, _Traits>& std::operator<<(std::basic_ostream<char, _Traits>&, const char*)':
/home/chris/sdk3/usr/include/c++/4.2.1/ostream:518: error: expected type-specifier before 'streamsize'
/home/chris/sdk3/usr/include/c++/4.2.1/ostream:518: error: expected `>' before 'streamsize'
/home/chris/sdk3/usr/include/c++/4.2.1/ostream:518: error: expected `(' before 'streamsize'
/home/chris/sdk3/usr/include/c++/4.2.1/ostream:518: error: 'streamsize' was not declared in this scope
In file included from /home/chris/sdk3/usr/include/c++/4.2.1/locale:46,
                 from /home/chris/sdk3/usr/include/c++/4.2.1/bits/ostream.tcc:46,
                 from /home/chris/sdk3/usr/include/c++/4.2.1/ostream:572,
                 from /home/chris/sdk3/usr/include/c++/4.2.1/iostream:45,
                 from tif_stream.cxx:31:
/home/chris/sdk3/usr/include/c++/4.2.1/bits/locale_facets.tcc: At global scope:
/home/chris/sdk3/usr/include/c++/4.2.1/bits/locale_facets.tcc:904: error: 'streamsize' has not been declared
/home/chris/sdk3/usr/include/c++/4.2.1/bits/locale_facets.tcc: In member function '_OutIter std::num_put<_CharT, _OutIter>::_M_insert_int(_OutIter, std::ios_base&, _CharT, _ValueT) const':
/home/chris/sdk3/usr/include/c++/4.2.1/bits/locale_facets.tcc:1043: error: 'streamsize' does not name a type
/home/chris/sdk3/usr/include/c++/4.2.1/bits/locale_facets.tcc:1044: error: '__w' was not declared in this scope
/home/chris/sdk3/usr/include/c++/4.2.1/bits/locale_facets.tcc:1044: error: expected type-specifier before 'streamsize'
/home/chris/sdk3/usr/include/c++/4.2.1/bits/locale_facets.tcc:1044: error: expected `>' before 'streamsize'
/home/chris/sdk3/usr/include/c++/4.2.1/bits/locale_facets.tcc:1044: error: expected `(' before 'streamsize'
/home/chris/sdk3/usr/include/c++/4.2.1/bits/locale_facets.tcc:1044: error: 'streamsize' was not declared in this scope
/home/chris/sdk3/usr/include/c++/4.2.1/bits/locale_facets.tcc:1045: error: expected `)' before '{' token
/home/chris/sdk3/usr/include/c++/4.2.1/bits/locale_facets.tcc: In member function '_OutIter std::num_put<_CharT, _OutIter>::_M_insert_float(_OutIter, std::ios_base&, _CharT, char, _ValueT) const':
/home/chris/sdk3/usr/include/c++/4.2.1/bits/locale_facets.tcc:1106: error: 'streamsize' does not name a type
/home/chris/sdk3/usr/include/c++/4.2.1/bits/locale_facets.tcc:1122: error: '__prec' was not declared in this scope
/home/chris/sdk3/usr/include/c++/4.2.1/bits/locale_facets.tcc:1179: error: 'streamsize' was not declared in this scope
/home/chris/sdk3/usr/include/c++/4.2.1/bits/locale_facets.tcc:1179: error: expected `;' before '__off'
/home/chris/sdk3/usr/include/c++/4.2.1/bits/locale_facets.tcc:1182: error: '__off' was not declared in this scope
/home/chris/sdk3/usr/include/c++/4.2.1/bits/locale_facets.tcc:1188: error: '__off' was not declared in this scope
/home/chris/sdk3/usr/include/c++/4.2.1/bits/locale_facets.tcc:1196: error: 'streamsize' does not name a type
/home/chris/sdk3/usr/include/c++/4.2.1/bits/locale_facets.tcc:1197: error: '__w' was not declared in this scope
/home/chris/sdk3/usr/include/c++/4.2.1/bits/locale_facets.tcc:1197: error: expected type-specifier before 'streamsize'
/home/chris/sdk3/usr/include/c++/4.2.1/bits/locale_facets.tcc:1197: error: expected `>' before 'streamsize'
/home/chris/sdk3/usr/include/c++/4.2.1/bits/locale_facets.tcc:1197: error: expected `(' before 'streamsize'
/home/chris/sdk3/usr/include/c++/4.2.1/bits/locale_facets.tcc:1197: error: 'streamsize' was not declared in this scope
/home/chris/sdk3/usr/include/c++/4.2.1/bits/locale_facets.tcc:1198: error: expected `)' before '{' token
/home/chris/sdk3/usr/include/c++/4.2.1/bits/locale_facets.tcc: In member function 'virtual _OutIter std::num_put<_CharT, _OutIter>::do_put(_OutIter, std::ios_base&, _CharT, bool) const':
/home/chris/sdk3/usr/include/c++/4.2.1/bits/locale_facets.tcc:1234: error: 'streamsize' does not name a type
/home/chris/sdk3/usr/include/c++/4.2.1/bits/locale_facets.tcc:1235: error: '__w' was not declared in this scope
/home/chris/sdk3/usr/include/c++/4.2.1/bits/locale_facets.tcc:1235: error: expected type-specifier before 'streamsize'
/home/chris/sdk3/usr/include/c++/4.2.1/bits/locale_facets.tcc:1235: error: expected `>' before 'streamsize'
/home/chris/sdk3/usr/include/c++/4.2.1/bits/locale_facets.tcc:1235: error: expected `(' before 'streamsize'
/home/chris/sdk3/usr/include/c++/4.2.1/bits/locale_facets.tcc:1235: error: 'streamsize' was not declared in this scope
/home/chris/sdk3/usr/include/c++/4.2.1/bits/locale_facets.tcc:1236: error: expected `)' before '{' token
/home/chris/sdk3/usr/include/c++/4.2.1/bits/stl_iterator.h: At global scope:
/home/chris/sdk3/usr/include/c++/4.2.1/bits/stl_iterator.h: In instantiation of '__gnu_cxx::__normal_iterator<char*, std::basic_string<char, std::char_traits<char>, std::allocator<char> > >':
/home/chris/sdk3/usr/include/c++/4.2.1/bits/locale_facets.tcc:1500:   instantiated from here
/home/chris/sdk3/usr/include/c++/4.2.1/bits/stl_iterator.h:646: error: no type named 'difference_type' in 'struct std::iterator_traits<char*>'
/home/chris/sdk3/usr/include/c++/4.2.1/bits/stl_iterator.h:697: error: no type named 'difference_type' in 'struct std::iterator_traits<char*>'
/home/chris/sdk3/usr/include/c++/4.2.1/bits/stl_iterator.h:701: error: no type named 'difference_type' in 'struct std::iterator_traits<char*>'
/home/chris/sdk3/usr/include/c++/4.2.1/bits/stl_iterator.h:705: error: no type named 'difference_type' in 'struct std::iterator_traits<char*>'
/home/chris/sdk3/usr/include/c++/4.2.1/bits/stl_iterator.h:709: error: no type named 'difference_type' in 'struct std::iterator_traits<char*>'
/home/chris/sdk3/usr/include/c++/4.2.1/bits/stl_iterator.h:713: error: no type named 'difference_type' in 'struct std::iterator_traits<char*>'
/home/chris/sdk3/usr/include/c++/4.2.1/bits/locale_facets.tcc: In member function '_OutIter std::money_put<_CharT, _OutIter>::_M_insert(_OutIter, std::ios_base&, _CharT, const std::basic_string<_CharT, std::char_traits<_CharT>, std::allocator<_CharT> >&) const':
/home/chris/sdk3/usr/include/c++/4.2.1/bits/locale_facets.tcc:1679: error: 'class std::ios_base' has no member named 'width'
/home/chris/sdk3/usr/include/c++/4.2.1/bits/locale_facets.tcc:1739: error: 'class std::ios_base' has no member named 'width'
/home/chris/sdk3/usr/include/c++/4.2.1/bits/locale_facets.tcc: At global scope:
/home/chris/sdk3/usr/include/c++/4.2.1/bits/locale_facets.tcc:2507: error: expected ',' or '...' before '__newlen'
/home/chris/sdk3/usr/include/c++/4.2.1/bits/locale_facets.tcc: In static member function 'static void std::__pad<_CharT, _Traits>::_S_pad(std::ios_base&, _CharT, _CharT*, const _CharT*, int)':
/home/chris/sdk3/usr/include/c++/4.2.1/bits/locale_facets.tcc:2510: error: '__newlen' was not declared in this scope
/home/chris/sdk3/usr/include/c++/4.2.1/bits/locale_facets.tcc:2510: error: '__oldlen' was not declared in this scope
/home/chris/sdk3/usr/include/c++/4.2.1/bits/locale_facets.tcc:2522: error: '__num' was not declared in this scope
In file included from /home/chris/sdk3/usr/include/c++/4.2.1/ostream:572,
                 from /home/chris/sdk3/usr/include/c++/4.2.1/iostream:45,
                 from tif_stream.cxx:31:
/home/chris/sdk3/usr/include/c++/4.2.1/bits/ostream.tcc: At global scope:
/home/chris/sdk3/usr/include/c++/4.2.1/bits/ostream.tcc:173: error: 'streamsize' has not been declared
In file included from /home/chris/sdk3/usr/include/c++/4.2.1/iostream:46,
                 from tif_stream.cxx:31:
/home/chris/sdk3/usr/include/c++/4.2.1/istream:92: error: 'streamsize' does not name a type
/home/chris/sdk3/usr/include/c++/4.2.1/istream:259: error: 'streamsize' does not name a type
/home/chris/sdk3/usr/include/c++/4.2.1/istream:333: error: 'streamsize' has not been declared
/home/chris/sdk3/usr/include/c++/4.2.1/istream:344: error: 'streamsize' has not been declared
/home/chris/sdk3/usr/include/c++/4.2.1/istream:406: error: 'streamsize' has not been declared
/home/chris/sdk3/usr/include/c++/4.2.1/istream:417: error: 'streamsize' has not been declared
/home/chris/sdk3/usr/include/c++/4.2.1/istream:444: error: expected ';' before '(' token
/home/chris/sdk3/usr/include/c++/4.2.1/istream:447: error: expected ';' before '(' token
/home/chris/sdk3/usr/include/c++/4.2.1/istream:476: error: 'streamsize' has not been declared
/home/chris/sdk3/usr/include/c++/4.2.1/istream:494: error: 'streamsize' does not name a type
/home/chris/sdk3/usr/include/c++/4.2.1/istream: In constructor 'std::basic_istream<_CharT, _Traits>::basic_istream(std::basic_streambuf<_CharT, _Traits>*)':
/home/chris/sdk3/usr/include/c++/4.2.1/istream:104: error: class 'std::basic_istream<_CharT, _Traits>' does not have any field named '_M_gcount'
/home/chris/sdk3/usr/include/c++/4.2.1/istream:104: error: there are no arguments to 'streamsize' that depend on a template parameter, so a declaration of 'streamsize' must be available
/home/chris/sdk3/usr/include/c++/4.2.1/istream:104: error: (if you use '-fpermissive', G++ will accept your code, but allowing the use of an undeclared name is deprecated)
/home/chris/sdk3/usr/include/c++/4.2.1/istream: In destructor 'virtual std::basic_istream<_CharT, _Traits>::~basic_istream()':
/home/chris/sdk3/usr/include/c++/4.2.1/istream:114: error: '_M_gcount' was not declared in this scope
/home/chris/sdk3/usr/include/c++/4.2.1/istream:114: error: there are no arguments to 'streamsize' that depend on a template parameter, so a declaration of 'streamsize' must be available
/home/chris/sdk3/usr/include/c++/4.2.1/istream: In constructor 'std::basic_istream<_CharT, _Traits>::basic_istream()':
/home/chris/sdk3/usr/include/c++/4.2.1/istream:594: error: class 'std::basic_istream<_CharT, _Traits>' does not have any field named '_M_gcount'
/home/chris/sdk3/usr/include/c++/4.2.1/istream:594: error: there are no arguments to 'streamsize' that depend on a template parameter, so a declaration of 'streamsize' must be available
/home/chris/sdk3/usr/include/c++/4.2.1/istream: At global scope:
/home/chris/sdk3/usr/include/c++/4.2.1/istream:605: error: 'streamsize' has not been declared
/home/chris/sdk3/usr/include/c++/4.2.1/istream:610: error: 'std::basic_istream<char, std::char_traits<char> >& std::basic_istream<char, std::char_traits<char> >::ignore' is not a static member of 'struct std::basic_istream<char, std::char_traits<char> >'
/home/chris/sdk3/usr/include/c++/4.2.1/istream:610: error: 'streamsize' was not declared in this scope
/home/chris/sdk3/usr/include/c++/4.2.1/istream:615: error: 'std::basic_istream<char, std::char_traits<char> >& std::basic_istream<char, std::char_traits<char> >::ignore' is not a static member of 'struct std::basic_istream<char, std::char_traits<char> >'
/home/chris/sdk3/usr/include/c++/4.2.1/istream:615: error: 'streamsize' was not declared in this scope
/home/chris/sdk3/usr/include/c++/4.2.1/istream:615: error: expected primary-expression before '__delim'
/home/chris/sdk3/usr/include/c++/4.2.1/istream:615: error: initializer expression list treated as compound expression
/home/chris/sdk3/usr/include/c++/4.2.1/istream:621: error: 'streamsize' has not been declared
/home/chris/sdk3/usr/include/c++/4.2.1/istream:626: error: 'std::basic_istream<wchar_t, std::char_traits<wchar_t> >& std::basic_istream<wchar_t, std::char_traits<wchar_t> >::ignore' is not a static member of 'struct std::basic_istream<wchar_t, std::char_traits<wchar_t> >'
/home/chris/sdk3/usr/include/c++/4.2.1/istream:626: error: 'streamsize' was not declared in this scope
/home/chris/sdk3/usr/include/c++/4.2.1/istream:631: error: 'std::basic_istream<wchar_t, std::char_traits<wchar_t> >& std::basic_istream<wchar_t, std::char_traits<wchar_t> >::ignore' is not a static member of 'struct std::basic_istream<wchar_t, std::char_traits<wchar_t> >'
/home/chris/sdk3/usr/include/c++/4.2.1/istream:631: error: 'streamsize' was not declared in this scope
/home/chris/sdk3/usr/include/c++/4.2.1/istream:631: error: expected primary-expression before '__delim'
/home/chris/sdk3/usr/include/c++/4.2.1/istream:631: error: initializer expression list treated as compound expression
In file included from /home/chris/sdk3/usr/include/c++/4.2.1/istream:845,
                 from /home/chris/sdk3/usr/include/c++/4.2.1/iostream:46,
                 from tif_stream.cxx:31:
/home/chris/sdk3/usr/include/c++/4.2.1/bits/istream.tcc: In member function 'typename std::basic_istream<_CharT, _Traits>::int_type std::basic_istream<_CharT, _Traits>::get()':
/home/chris/sdk3/usr/include/c++/4.2.1/bits/istream.tcc:186: error: '_M_gcount' was not declared in this scope
/home/chris/sdk3/usr/include/c++/4.2.1/bits/istream.tcc: In member function 'std::basic_istream<_CharT, _Traits>& std::basic_istream<_CharT, _Traits>::get(_CharT&)':
/home/chris/sdk3/usr/include/c++/4.2.1/bits/istream.tcc:215: error: '_M_gcount' was not declared in this scope
/home/chris/sdk3/usr/include/c++/4.2.1/bits/istream.tcc: At global scope:
/home/chris/sdk3/usr/include/c++/4.2.1/bits/istream.tcc:245: error: 'streamsize' has not been declared
/home/chris/sdk3/usr/include/c++/4.2.1/bits/istream.tcc: In member function 'std::basic_istream<_CharT, _Traits>& std::basic_istream<_CharT, _Traits>::get(_CharT*, int, _CharT)':
/home/chris/sdk3/usr/include/c++/4.2.1/bits/istream.tcc:247: error: '_M_gcount' was not declared in this scope
/home/chris/sdk3/usr/include/c++/4.2.1/bits/istream.tcc: In member function 'std::basic_istream<_CharT, _Traits>& std::basic_istream<_CharT, _Traits>::get(std::basic_streambuf<_CharT, _Traits>&, _CharT)':
/home/chris/sdk3/usr/include/c++/4.2.1/bits/istream.tcc:289: error: '_M_gcount' was not declared in this scope
/home/chris/sdk3/usr/include/c++/4.2.1/bits/istream.tcc: At global scope:
/home/chris/sdk3/usr/include/c++/4.2.1/bits/istream.tcc:326: error: 'streamsize' has not been declared
/home/chris/sdk3/usr/include/c++/4.2.1/bits/istream.tcc: In member function 'std::basic_istream<_CharT, _Traits>& std::basic_istream<_CharT, _Traits>::getline(_CharT*, int, _CharT)':
/home/chris/sdk3/usr/include/c++/4.2.1/bits/istream.tcc:328: error: '_M_gcount' was not declared in this scope
/home/chris/sdk3/usr/include/c++/4.2.1/bits/istream.tcc: In member function 'std::basic_istream<_CharT, _Traits>& std::basic_istream<_CharT, _Traits>::ignore()':
/home/chris/sdk3/usr/include/c++/4.2.1/bits/istream.tcc:383: error: '_M_gcount' was not declared in this scope
/home/chris/sdk3/usr/include/c++/4.2.1/bits/istream.tcc: At global scope:
/home/chris/sdk3/usr/include/c++/4.2.1/bits/istream.tcc:409: error: 'std::basic_istream<_CharT, _Traits>& std::basic_istream<_CharT, _Traits>::ignore' is not a static member of 'class std::basic_istream<_CharT, _Traits>'
/home/chris/sdk3/usr/include/c++/4.2.1/bits/istream.tcc:409: error: template definition of non-template 'std::basic_istream<_CharT, _Traits>& std::basic_istream<_CharT, _Traits>::ignore'
/home/chris/sdk3/usr/include/c++/4.2.1/bits/istream.tcc:409: error: 'streamsize' was not declared in this scope
/home/chris/sdk3/usr/include/c++/4.2.1/bits/istream.tcc:410: error: expected `;' before '{' token
/home/chris/sdk3/usr/include/c++/4.2.1/bits/istream.tcc:465: error: 'std::basic_istream<_CharT, _Traits>& std::basic_istream<_CharT, _Traits>::ignore' is not a static member of 'class std::basic_istream<_CharT, _Traits>'
/home/chris/sdk3/usr/include/c++/4.2.1/bits/istream.tcc:465: error: template definition of non-template 'std::basic_istream<_CharT, _Traits>& std::basic_istream<_CharT, _Traits>::ignore'
/home/chris/sdk3/usr/include/c++/4.2.1/bits/istream.tcc:465: error: 'streamsize' was not declared in this scope
/home/chris/sdk3/usr/include/c++/4.2.1/bits/istream.tcc:465: error: expected primary-expression before '__delim'
/home/chris/sdk3/usr/include/c++/4.2.1/bits/istream.tcc:466: error: expected `;' before '{' token
/home/chris/sdk3/usr/include/c++/4.2.1/bits/istream.tcc: In member function 'typename std::basic_istream<_CharT, _Traits>::int_type std::basic_istream<_CharT, _Traits>::peek()':
/home/chris/sdk3/usr/include/c++/4.2.1/bits/istream.tcc:526: error: '_M_gcount' was not declared in this scope
/home/chris/sdk3/usr/include/c++/4.2.1/bits/istream.tcc: At global scope:
/home/chris/sdk3/usr/include/c++/4.2.1/bits/istream.tcc:548: error: 'streamsize' has not been declared
/home/chris/sdk3/usr/include/c++/4.2.1/bits/istream.tcc: In member function 'std::basic_istream<_CharT, _Traits>& std::basic_istream<_CharT, _Traits>::read(_CharT*, int)':
/home/chris/sdk3/usr/include/c++/4.2.1/bits/istream.tcc:550: error: '_M_gcount' was not declared in this scope
/home/chris/sdk3/usr/include/c++/4.2.1/bits/istream.tcc: At global scope:
/home/chris/sdk3/usr/include/c++/4.2.1/bits/istream.tcc:571: error: expected constructor, destructor, or type conversion before 'basic_istream'
/home/chris/sdk3/usr/include/c++/4.2.1/bits/istream.tcc: In member function 'std::basic_istream<_CharT, _Traits>& std::basic_istream<_CharT, _Traits>::putback(_CharT)':
/home/chris/sdk3/usr/include/c++/4.2.1/bits/istream.tcc:603: error: '_M_gcount' was not declared in this scope
/home/chris/sdk3/usr/include/c++/4.2.1/bits/istream.tcc: In member function 'std::basic_istream<_CharT, _Traits>& std::basic_istream<_CharT, _Traits>::unget()':
/home/chris/sdk3/usr/include/c++/4.2.1/bits/istream.tcc:631: error: '_M_gcount' was not declared in this scope
/home/chris/sdk3/usr/include/c++/4.2.1/bits/istream.tcc: In function 'std::basic_istream<_CharT, _Traits>& std::operator>>(std::basic_istream<_CharT, _Traits>&, _CharT2*)':
/home/chris/sdk3/usr/include/c++/4.2.1/bits/istream.tcc:796: error: 'streamsize' was not declared in this scope
/home/chris/sdk3/usr/include/c++/4.2.1/bits/istream.tcc:796: error: expected `;' before '__extracted'
/home/chris/sdk3/usr/include/c++/4.2.1/bits/istream.tcc:804: error: expected `;' before '__num'
/home/chris/sdk3/usr/include/c++/4.2.1/bits/istream.tcc:805: error: '__num' was not declared in this scope
/home/chris/sdk3/usr/include/c++/4.2.1/bits/istream.tcc:806: error: 'streamsize' cannot appear in a constant-expression
/home/chris/sdk3/usr/include/c++/4.2.1/bits/istream.tcc:806: error: template argument 1 is invalid
/home/chris/sdk3/usr/include/c++/4.2.1/bits/istream.tcc:814: error: '__extracted' was not declared in this scope
/home/chris/sdk3/usr/include/c++/4.2.1/bits/istream.tcc:814: error: '__num' was not declared in this scope
/home/chris/sdk3/usr/include/c++/4.2.1/bits/istream.tcc:834: error: '__extracted' was not declared in this scope
/home/chris/sdk3/usr/include/c++/4.2.1/bits/istream.tcc: In function 'std::basic_istream<_CharT, _Traits>& std::operator>>(std::basic_istream<_CharT, _Traits>&, std::basic_string<_CharT, _Traits, _Alloc>&)':
/home/chris/sdk3/usr/include/c++/4.2.1/bits/istream.tcc:889: error: 'streamsize' does not name a type
/home/chris/sdk3/usr/include/c++/4.2.1/bits/istream.tcc:890: error: '__w' was not declared in this scope
tif_stream.cxx: In function 'tmsize_t _tiffisReadProc(void*, void*, tmsize_t)':
tif_stream.cxx:121: error: 'streamsize' was not declared in this scope
tif_stream.cxx:121: error: expected `;' before 'request_size'
tif_stream.cxx:122: error: 'request_size' was not declared in this scope
tif_stream.cxx:125: error: 'request_size' was not declared in this scope
tif_stream.cxx:127: error: 'struct std::basic_istream<char, std::char_traits<char> >' has no member named 'gcount'
tif_stream.cxx: In function 'tmsize_t _tiffosWriteProc(void*, void*, tmsize_t)':
tif_stream.cxx:138: error: 'streamsize' was not declared in this scope
tif_stream.cxx:138: error: expected `;' before 'request_size'
tif_stream.cxx:139: error: 'request_size' was not declared in this scope
tif_stream.cxx:142: error: 'request_size' was not declared in this scope
make[1]: *** [tif_stream.lo] Error 1
make: *** [all] Error 2
